#-----------------------------------------------------------
# Vivado v2020.1 (64-bit)
# SW Build 2902540 on Wed May 27 19:54:49 MDT 2020
# IP Build 2902112 on Wed May 27 22:43:36 MDT 2020
# Start of session at: Fri Jul 24 20:39:29 2020
# Process ID: 8152
# Current directory: C:/Users/tambechristian/Documents/Electronics/Nexys_A7/ip_repo
# Command line: vivado.exe -gui_launcher_event rodinguilauncherevent14840 C:\Users\tambechristian\Documents\Electronics\Nexys_A7\ip_repo\edit_axi_sdcard_v1_0.xpr
# Log file: C:/Users/tambechristian/Documents/Electronics/Nexys_A7/ip_repo/vivado.log
# Journal file: C:/Users/tambechristian/Documents/Electronics/Nexys_A7/ip_repo\vivado.jou
#-----------------------------------------------------------
Sourcing tcl script 'C:/Users/tambechristian/AppData/Roaming/Xilinx/Vivado/Vivado_init.tcl'
start_gui
open_project C:/Users/tambechristian/Documents/Electronics/Nexys_A7/ip_repo/edit_axi_sdcard_v1_0.xpr
INFO: [Project 1-313] Project file moved from 'C:/PROJECTS_Boards/Design_project/Nexys_A7/ip_repo' since last save.
Scanning sources...
Finished scanning sources
WARNING: [filemgmt 56-2] Board Part Repository Path: Could not find the directory 'C:/Users/tambechristian/Documents/Electronics/vivado-boards/new/board_files', nor could it be found using path 'C:/PROJECTS_Boards/Design_project/vivado-boards/new/board_files'.
INFO: [IP_Flow 19-234] Refreshing IP repositories
INFO: [IP_Flow 19-1700] Loaded user IP repository 'c:/Users/tambechristian/Documents/Electronics/Nexys_A7/ip_repo/axi_sdcard_1.0'.
INFO: [IP_Flow 19-2313] Loaded Vivado IP repository 'C:/Xilinx/Vivado/2020.1/data/ip'.
open_project: Time (s): cpu = 00:00:23 ; elapsed = 00:00:13 . Memory (MB): peak = 1062.305 ; gain = 0.000
update_compile_order -fileset sources_1
ipx::open_ipxact_file C:/Users/tambechristian/Documents/Electronics/Nexys_A7/ip_repo/axi_sdcard_1.0/component.xml
WARNING: [IP_Flow 19-5226] Project source file 'c:/Users/tambechristian/Documents/Electronics/Nexys_A7/ip_repo/axi_sdcard_1.0/component.xml' ignored by IP packager.
WARNING: [IP_Flow 19-3898] File Group 'xilinx_verilogsynthesis (Verilog Synthesis)': File 'c:/Users/tambechristian/Documents/Electronics/Nexys_A7/ip_repo/axi_sdcard_1.0/hdl/axi4_sdcard.v' is not found in the project sources. It will be removed from the packaged IP when the sources are merged. If still required, please add this file to the project and re-package.
WARNING: [IP_Flow 19-3898] File Group 'xilinx_verilogsynthesis (Verilog Synthesis)': File 'c:/Users/tambechristian/Documents/Electronics/Nexys_A7/ip_repo/axi_sdcard_1.0/hdl/fifo.v' is not found in the project sources. It will be removed from the packaged IP when the sources are merged. If still required, please add this file to the project and re-package.
WARNING: [IP_Flow 19-3898] File Group 'xilinx_verilogsynthesis (Verilog Synthesis)': File 'c:/Users/tambechristian/Documents/Electronics/Nexys_A7/ip_repo/axi_sdcard_1.0/hdl/phy_spimaster.v' is not found in the project sources. It will be removed from the packaged IP when the sources are merged. If still required, please add this file to the project and re-package.
WARNING: [IP_Flow 19-3898] File Group 'xilinx_verilogsynthesis (Verilog Synthesis)': File 'c:/Users/tambechristian/Documents/Electronics/Nexys_A7/ip_repo/axi_sdcard_1.0/hdl/sdcard.v' is not found in the project sources. It will be removed from the packaged IP when the sources are merged. If still required, please add this file to the project and re-package.
WARNING: [IP_Flow 19-3898] File Group 'xilinx_verilogsynthesis (Verilog Synthesis)': File 'c:/Users/tambechristian/Documents/Electronics/Nexys_A7/ip_repo/axi_sdcard_1.0/hdl/spimaster.v' is not found in the project sources. It will be removed from the packaged IP when the sources are merged. If still required, please add this file to the project and re-package.
WARNING: [IP_Flow 19-3898] File Group 'xilinx_verilogsynthesis (Verilog Synthesis)': File 'c:/Users/tambechristian/Documents/Electronics/Nexys_A7/ip_repo/axi_sdcard_1.0/hdl/spimode_sdcard.v' is not found in the project sources. It will be removed from the packaged IP when the sources are merged. If still required, please add this file to the project and re-package.
WARNING: [IP_Flow 19-3898] File Group 'xilinx_verilogsynthesis (Verilog Synthesis)': File 'c:/Users/tambechristian/Documents/Electronics/Nexys_A7/ip_repo/axi_sdcard_1.0/hdl/axi_sdcard_v1_0.v' is not found in the project sources. It will be removed from the packaged IP when the sources are merged. If still required, please add this file to the project and re-package.
WARNING: [IP_Flow 19-3898] File Group 'xilinx_anylanguagebehavioralsimulation (Simulation)': File 'c:/Users/tambechristian/Documents/Electronics/Nexys_A7/ip_repo/axi_sdcard_1.0/hdl/axi4_sdcard.v' is not found in the project sources. It will be removed from the packaged IP when the sources are merged. If still required, please add this file to the project and re-package.
WARNING: [IP_Flow 19-3898] File Group 'xilinx_anylanguagebehavioralsimulation (Simulation)': File 'c:/Users/tambechristian/Documents/Electronics/Nexys_A7/ip_repo/axi_sdcard_1.0/hdl/fifo.v' is not found in the project sources. It will be removed from the packaged IP when the sources are merged. If still required, please add this file to the project and re-package.
WARNING: [IP_Flow 19-3898] File Group 'xilinx_anylanguagebehavioralsimulation (Simulation)': File 'c:/Users/tambechristian/Documents/Electronics/Nexys_A7/ip_repo/axi_sdcard_1.0/hdl/phy_spimaster.v' is not found in the project sources. It will be removed from the packaged IP when the sources are merged. If still required, please add this file to the project and re-package.
WARNING: [IP_Flow 19-3898] File Group 'xilinx_anylanguagebehavioralsimulation (Simulation)': File 'c:/Users/tambechristian/Documents/Electronics/Nexys_A7/ip_repo/axi_sdcard_1.0/hdl/sdcard.v' is not found in the project sources. It will be removed from the packaged IP when the sources are merged. If still required, please add this file to the project and re-package.
WARNING: [IP_Flow 19-3898] File Group 'xilinx_anylanguagebehavioralsimulation (Simulation)': File 'c:/Users/tambechristian/Documents/Electronics/Nexys_A7/ip_repo/axi_sdcard_1.0/hdl/spimaster.v' is not found in the project sources. It will be removed from the packaged IP when the sources are merged. If still required, please add this file to the project and re-package.
WARNING: [IP_Flow 19-3898] File Group 'xilinx_anylanguagebehavioralsimulation (Simulation)': File 'c:/Users/tambechristian/Documents/Electronics/Nexys_A7/ip_repo/axi_sdcard_1.0/hdl/spimode_sdcard.v' is not found in the project sources. It will be removed from the packaged IP when the sources are merged. If still required, please add this file to the project and re-package.
WARNING: [IP_Flow 19-3898] File Group 'xilinx_anylanguagebehavioralsimulation (Simulation)': File 'c:/Users/tambechristian/Documents/Electronics/Nexys_A7/ip_repo/axi_sdcard_1.0/hdl/axi_sdcard_v1_0.v' is not found in the project sources. It will be removed from the packaged IP when the sources are merged. If still required, please add this file to the project and re-package.
ipx::merge_project_changes hdl_parameters [ipx::current_core]
WARNING: [IP_Flow 19-5226] Project source file 'c:/Users/tambechristian/Documents/Electronics/Nexys_A7/ip_repo/axi_sdcard_1.0/component.xml' ignored by IP packager.
INFO: [IP_Flow 19-1842] HDL Parser: Found include file "hdl/fifo.v" from the top-level HDL file.
INFO: [IP_Flow 19-1842] HDL Parser: Found include file "hdl/phy_spimaster.v" from the top-level HDL file.
INFO: [IP_Flow 19-1842] HDL Parser: Found include file "hdl/spimaster.v" from the top-level HDL file.
INFO: [IP_Flow 19-3166] Bus Interface 'S_AXI': References existing memory map 'S_AXI'.
set_property core_revision 121 [ipx::current_core]
ipx::create_xgui_files [ipx::current_core]
ipx::update_checksums [ipx::current_core]
ipx::save_core [ipx::current_core]
update_ip_catalog -rebuild -repo_path c:/Users/tambechristian/Documents/Electronics/Nexys_A7/ip_repo/axi_sdcard_1.0
INFO: [IP_Flow 19-725] Reloaded user IP repository 'c:/Users/tambechristian/Documents/Electronics/Nexys_A7/ip_repo/axi_sdcard_1.0'
ipx::check_integrity -quiet [ipx::current_core]
ipx::archive_core {c:\Users\tambechristian\Documents\Electronics\Nexys_A7\ip_repo\axi_sdcard_1.0\intel.com_user_axi_sdcard_1.0.zip} [ipx::current_core]
exit
INFO: [Common 17-206] Exiting Vivado at Sat Jul 25 08:15:05 2020...
