Copyright 1986-2020 Xilinx, Inc. All Rights Reserved.
------------------------------------------------------------------------------------
| Tool Version : Vivado v.2020.1 (win64) Build 2902540 Wed May 27 19:54:49 MDT 2020
| Date         : Sat Jul 25 08:15:17 2020
| Host         : ctambe-pc running 64-bit major release  (build 9200)
| Command      : upgrade_ip
| Device       : xc7a100tcsg324-1
------------------------------------------------------------------------------------

Upgrade Log for IP 'design_1_axi_sdcard_0_0'

1. Summary
----------

SUCCESS in the upgrade of design_1_axi_sdcard_0_0 (intel.com:user:axi_sdcard:1.0) from (Rev. 120) to (Rev. 121)






Copyright 1986-2020 Xilinx, Inc. All Rights Reserved.
------------------------------------------------------------------------------------
| Tool Version : Vivado v.2020.1 (win64) Build 2902540 Wed May 27 19:54:49 MDT 2020
| Date         : Fri Jul 24 20:22:12 2020
| Host         : ctambe-pc running 64-bit major release  (build 9200)
| Command      : upgrade_ip
| Device       : xc7a100tcsg324-1
------------------------------------------------------------------------------------

Upgrade Log for IP 'design_1_axi_sdcard_0_0'

1. Summary
----------

SUCCESS in the upgrade of design_1_axi_sdcard_0_0 (intel.com:user:axi_sdcard:1.0) from (Rev. 117) to (Rev. 120)

