08:30:54 INFO  : Launching XSCT server: xsct.bat -n  -interactive C:\Users\tambechristian\Documents\Electronics\Nexys_A7\LinuxFpga_03\sw\temp_xsdb_launch_script.tcl
08:30:56 INFO  : Registering command handlers for Vitis TCF services
08:31:00 INFO  : XSCT server has started successfully.
08:31:01 INFO  : plnx-install-location is set to ''
08:31:01 INFO  : Successfully done setting XSCT server connection channel  
08:31:01 INFO  : Successfully done query RDI_DATADIR 
08:31:01 INFO  : Successfully done setting workspace for the tool. 
08:31:04 INFO  : Platform repository initialization has completed.
08:32:08 INFO  : Result from executing command 'getProjects': linuxfpga
08:32:08 INFO  : Result from executing command 'getPlatforms': 
08:33:21 INFO  : Result from executing command 'getProjects': linuxfpga
08:33:21 INFO  : Result from executing command 'getPlatforms': linuxfpga|C:/Users/tambechristian/Documents/Electronics/Nexys_A7/LinuxFpga_03/sw/linuxfpga/export/linuxfpga/linuxfpga.xpfm
08:33:21 INFO  : Checking for BSP changes to sync application flags for project 'linuxfpga_app'...
08:33:37 INFO  : Connected to target on host '127.0.0.1' and port '3121'.
08:33:37 INFO  : Jtag cable 'Digilent Nexys A7 -100T 210292AD2FC0A' is selected.
08:33:37 INFO  : 'jtag frequency' command is executed.
08:33:38 INFO  : 'targets -set -filter {jtag_cable_name =~ "Digilent Nexys A7 -100T 210292AD2FC0A" && level==0 && jtag_device_ctx=="jsn-Nexys A7 -100T-210292AD2FC0A-13631093-0"}' command is executed.
08:33:40 INFO  : FPGA configured successfully with bitstream "C:/Users/tambechristian/Documents/Electronics/Nexys_A7/LinuxFpga_03/sw/linuxfpga_app/_ide/bitstream/design_1_wrapper.bit"
08:33:40 INFO  : Context for processor 'microblaze_0' is selected.
08:33:40 INFO  : Hardware design and registers information is loaded from 'C:/Users/tambechristian/Documents/Electronics/Nexys_A7/LinuxFpga_03/sw/linuxfpga/export/linuxfpga/hw/design_1_wrapper.xsa'.
08:33:40 INFO  : 'configparams mdm-detect-bscan-mask 2' command is executed.
08:33:40 INFO  : Context for processor 'microblaze_0' is selected.
08:33:40 INFO  : System reset is completed.
08:33:43 INFO  : 'after 3000' command is executed.
08:33:43 INFO  : Context for processor 'microblaze_0' is selected.
08:33:43 INFO  : The application 'C:/Users/tambechristian/Documents/Electronics/Nexys_A7/LinuxFpga_03/sw/linuxfpga_app/Debug/linuxfpga_app.elf' is downloaded to processor 'microblaze_0'.
08:33:43 INFO  : ----------------XSDB Script----------------
connect -url tcp:127.0.0.1:3121
targets -set -filter {jtag_cable_name =~ "Digilent Nexys A7 -100T 210292AD2FC0A" && level==0 && jtag_device_ctx=="jsn-Nexys A7 -100T-210292AD2FC0A-13631093-0"}
fpga -file C:/Users/tambechristian/Documents/Electronics/Nexys_A7/LinuxFpga_03/sw/linuxfpga_app/_ide/bitstream/design_1_wrapper.bit
targets -set -nocase -filter {name =~ "*microblaze*#0" && bscan=="USER2" }
loadhw -hw C:/Users/tambechristian/Documents/Electronics/Nexys_A7/LinuxFpga_03/sw/linuxfpga/export/linuxfpga/hw/design_1_wrapper.xsa -regs
configparams mdm-detect-bscan-mask 2
targets -set -nocase -filter {name =~ "*microblaze*#0" && bscan=="USER2" }
rst -system
after 3000
targets -set -nocase -filter {name =~ "*microblaze*#0" && bscan=="USER2" }
dow C:/Users/tambechristian/Documents/Electronics/Nexys_A7/LinuxFpga_03/sw/linuxfpga_app/Debug/linuxfpga_app.elf
----------------End of Script----------------

08:33:44 INFO  : Context for processor 'microblaze_0' is selected.
08:33:44 INFO  : 'con' command is executed.
08:33:44 INFO  : ----------------XSDB Script (After Launch)----------------
targets -set -nocase -filter {name =~ "*microblaze*#0" && bscan=="USER2" }
con
----------------End of Script----------------

08:33:44 INFO  : Launch script is exported to file 'C:\Users\tambechristian\Documents\Electronics\Nexys_A7\LinuxFpga_03\sw\.sdk\launch_scripts\single_application_debug\systemdebugger_linuxfpga_app_system_standalone.tcl'
08:34:26 INFO  : Disconnected from the channel tcfchan#2.
